2014.12.23 17:42:31.429 KST INFO: *** SYSTEM START ***
2014.12.23 17:42:31.799 KST WARNING: [Local Folder Repository] The specified file must be a directory. (C:\Users\user\workspace2\bboxevolution\plugins\edu.stanford.smi.protegex.owl) -- LocalFolderRepository.update()
2014.12.23 17:42:31.806 KST SEVERE: Error at loading file file:///../output_kor_output.owl -- Could not get input stream for file:/C:/output_kor_output.owl
	at edu.stanford.smi.protegex.owl.jena.parser.ProtegeOWLParser.getInputStream(Unknown Source)
	at edu.stanford.smi.protegex.owl.repository.util.XMLBaseExtractor.getXMLBase(Unknown Source)
	at edu.stanford.smi.protegex.owl.jena.parser.ProtegeOWLParser.run(Unknown Source)
	at edu.stanford.smi.protegex.owl.jena.JenaKnowledgeBaseFactory.loadKnowledgeBase(Unknown Source)
	at edu.stanford.smi.protege.model.Project.loadDomainKB(Unknown Source)
	at edu.stanford.smi.protege.model.Project.createDomainKnowledgeBase(Unknown Source)
	at edu.stanford.smi.protegex.owl.jena.creator.OwlProjectFromUriCreator.create(Unknown Source)
	at edu.stanford.smi.protegex.owl.ProtegeOWL.createJenaOWLModelFromURI(Unknown Source)
	at test.exobrain.loadExistSchema(exobrain.java:77)
	at test.exobrain.main(exobrain.java:42)
Caused by: java.io.FileNotFoundException: C:\output_kor_output.owl (지정된 파일을 찾을 수 없습니다)
	at java.io.FileInputStream.open(Native Method)
	at java.io.FileInputStream.<init>(FileInputStream.java:138)
	at java.io.FileInputStream.<init>(FileInputStream.java:97)
	at sun.net.www.protocol.file.FileURLConnection.connect(FileURLConnection.java:90)
	at sun.net.www.protocol.file.FileURLConnection.getInputStream(FileURLConnection.java:188)
	at java.net.URL.openStream(URL.java:1037)
	at edu.stanford.smi.protegex.owl.jena.parser.ProtegeOWLParser.getInputStream(Unknown Source)
	... 9 more

2014.12.23 17:42:31.813 KST WARNING: Error found WARNING: java.io.FileNotFoundException: C:\output_kor_output.owl (지정된 파일을 찾을 수 없습니다) -- ProtegeOWL.handleErrors()
2014.12.23 17:42:31.813 KST WARNING: Error found WARNING: Errors at loading OWL file from file:///../output_kor_output.owl

Please consider running the file through an RDF or OWL validation service such as:
  - RDF Validator: http://www.w3.org/RDF/Validator
  - OWL Validator: http://phoebus.cs.man.ac.uk:9999/OWL/Validator -- ProtegeOWL.handleErrors()
2014.12.24 17:12:18.418 KST INFO: *** SYSTEM START ***
2014.12.24 17:12:18.814 KST WARNING: [Local Folder Repository] The specified file must be a directory. (C:\Users\user\workspace2\bboxevolution\plugins\edu.stanford.smi.protegex.owl) -- LocalFolderRepository.update()
2014.12.24 17:12:18.877 KST INFO: Loading triples for: file:/c:/users/user/workspace2/bboxevolution/output_kor_output.owl -- ProtegeOWLParser.loadTriples()
2014.12.24 17:12:19.624 KST INFO:     Loaded 10000 triples 0 -- ProtegeOWLParser$ProtegeOWLStatementHandler.printTriplesLoadLogMessage()
2014.12.24 17:12:19.943 KST INFO:     Loaded 20000 triples 0 -- ProtegeOWLParser$ProtegeOWLStatementHandler.printTriplesLoadLogMessage()
2014.12.24 17:12:20.130 KST INFO:     Loaded 30000 triples 0 -- ProtegeOWLParser$ProtegeOWLStatementHandler.printTriplesLoadLogMessage()
2014.12.24 17:12:20.379 KST INFO:     Loaded 40000 triples 0 -- ProtegeOWLParser$ProtegeOWLStatementHandler.printTriplesLoadLogMessage()
2014.12.24 17:12:20.511 KST INFO:     Loaded 50000 triples 0 -- ProtegeOWLParser$ProtegeOWLStatementHandler.printTriplesLoadLogMessage()
2014.12.24 17:12:20.720 KST INFO:     Loaded 60000 triples 0 -- ProtegeOWLParser$ProtegeOWLStatementHandler.printTriplesLoadLogMessage()
2014.12.24 17:12:20.915 KST INFO:     Loaded 70000 triples 0 -- ProtegeOWLParser$ProtegeOWLStatementHandler.printTriplesLoadLogMessage()
2014.12.24 17:12:21.028 KST INFO:     Loaded 80000 triples 0 -- ProtegeOWLParser$ProtegeOWLStatementHandler.printTriplesLoadLogMessage()
2014.12.24 17:12:21.138 KST INFO:     Loaded 90000 triples 0 -- ProtegeOWLParser$ProtegeOWLStatementHandler.printTriplesLoadLogMessage()
2014.12.24 17:12:21.273 KST INFO:     Loaded 100000 triples 0 -- ProtegeOWLParser$ProtegeOWLStatementHandler.printTriplesLoadLogMessage()
2014.12.24 17:12:22.038 KST INFO:     Loaded 110000 triples 0 -- ProtegeOWLParser$ProtegeOWLStatementHandler.printTriplesLoadLogMessage()
2014.12.24 17:12:22.144 KST INFO:     Loaded 120000 triples 0 -- ProtegeOWLParser$ProtegeOWLStatementHandler.printTriplesLoadLogMessage()
2014.12.24 17:12:22.250 KST INFO:     Loaded 130000 triples 0 -- ProtegeOWLParser$ProtegeOWLStatementHandler.printTriplesLoadLogMessage()
2014.12.24 17:12:22.356 KST INFO:     Loaded 140000 triples 0 -- ProtegeOWLParser$ProtegeOWLStatementHandler.printTriplesLoadLogMessage()
2014.12.24 17:12:22.509 KST INFO:     Loaded 150000 triples 0 -- ProtegeOWLParser$ProtegeOWLStatementHandler.printTriplesLoadLogMessage()
2014.12.24 17:12:22.613 KST INFO:     Loaded 160000 triples 0 -- ProtegeOWLParser$ProtegeOWLStatementHandler.printTriplesLoadLogMessage()
2014.12.24 17:12:22.718 KST INFO:     Loaded 170000 triples 0 -- ProtegeOWLParser$ProtegeOWLStatementHandler.printTriplesLoadLogMessage()
2014.12.24 17:12:22.825 KST INFO:     Loaded 180000 triples 0 -- ProtegeOWLParser$ProtegeOWLStatementHandler.printTriplesLoadLogMessage()
2014.12.24 17:12:22.936 KST INFO:     Loaded 190000 triples 0 -- ProtegeOWLParser$ProtegeOWLStatementHandler.printTriplesLoadLogMessage()
2014.12.24 17:12:23.098 KST INFO:     Loaded 200000 triples 0 -- ProtegeOWLParser$ProtegeOWLStatementHandler.printTriplesLoadLogMessage()
2014.12.24 17:12:23.203 KST INFO:     Loaded 210000 triples 0 -- ProtegeOWLParser$ProtegeOWLStatementHandler.printTriplesLoadLogMessage()
2014.12.24 17:12:23.309 KST INFO:     Loaded 220000 triples 0 -- ProtegeOWLParser$ProtegeOWLStatementHandler.printTriplesLoadLogMessage()
2014.12.24 17:12:23.415 KST INFO:     Loaded 230000 triples 0 -- ProtegeOWLParser$ProtegeOWLStatementHandler.printTriplesLoadLogMessage()
2014.12.24 17:12:23.523 KST INFO:     Loaded 240000 triples 0 -- ProtegeOWLParser$ProtegeOWLStatementHandler.printTriplesLoadLogMessage()
2014.12.24 17:12:24.243 KST INFO:     Loaded 250000 triples 0 -- ProtegeOWLParser$ProtegeOWLStatementHandler.printTriplesLoadLogMessage()
2014.12.24 17:12:24.347 KST INFO:     Loaded 260000 triples 0 -- ProtegeOWLParser$ProtegeOWLStatementHandler.printTriplesLoadLogMessage()
2014.12.24 17:12:24.452 KST INFO:     Loaded 270000 triples 0 -- ProtegeOWLParser$ProtegeOWLStatementHandler.printTriplesLoadLogMessage()
2014.12.24 17:12:24.557 KST INFO:     Loaded 280000 triples 0 -- ProtegeOWLParser$ProtegeOWLStatementHandler.printTriplesLoadLogMessage()
2014.12.24 17:12:24.664 KST INFO:     Loaded 290000 triples 0 -- ProtegeOWLParser$ProtegeOWLStatementHandler.printTriplesLoadLogMessage()
2014.12.24 17:12:24.771 KST INFO:     Loaded 300000 triples 0 -- ProtegeOWLParser$ProtegeOWLStatementHandler.printTriplesLoadLogMessage()
2014.12.24 17:12:24.888 KST INFO:     Loaded 310000 triples 0 -- ProtegeOWLParser$ProtegeOWLStatementHandler.printTriplesLoadLogMessage()
2014.12.24 17:12:25.088 KST INFO:     Loaded 320000 triples 0 -- ProtegeOWLParser$ProtegeOWLStatementHandler.printTriplesLoadLogMessage()
2014.12.24 17:12:25.194 KST INFO:     Loaded 330000 triples 0 -- ProtegeOWLParser$ProtegeOWLStatementHandler.printTriplesLoadLogMessage()
2014.12.24 17:12:25.312 KST INFO:     Loaded 340000 triples 0 -- ProtegeOWLParser$ProtegeOWLStatementHandler.printTriplesLoadLogMessage()
2014.12.24 17:12:25.418 KST INFO:     Loaded 350000 triples 0 -- ProtegeOWLParser$ProtegeOWLStatementHandler.printTriplesLoadLogMessage()
2014.12.24 17:12:25.523 KST INFO:     Loaded 360000 triples 0 -- ProtegeOWLParser$ProtegeOWLStatementHandler.printTriplesLoadLogMessage()
2014.12.24 17:12:25.636 KST INFO:     Loaded 370000 triples 0 -- ProtegeOWLParser$ProtegeOWLStatementHandler.printTriplesLoadLogMessage()
2014.12.24 17:12:25.744 KST INFO:     Loaded 380000 triples 0 -- ProtegeOWLParser$ProtegeOWLStatementHandler.printTriplesLoadLogMessage()
2014.12.24 17:12:25.935 KST INFO:     Loaded 390000 triples 0 -- ProtegeOWLParser$ProtegeOWLStatementHandler.printTriplesLoadLogMessage()
2014.12.24 17:12:26.041 KST INFO:     Loaded 400000 triples 0 -- ProtegeOWLParser$ProtegeOWLStatementHandler.printTriplesLoadLogMessage()
2014.12.24 17:12:26.153 KST INFO:     Loaded 410000 triples 0 -- ProtegeOWLParser$ProtegeOWLStatementHandler.printTriplesLoadLogMessage()
2014.12.24 17:12:26.261 KST INFO:     Loaded 420000 triples 0 -- ProtegeOWLParser$ProtegeOWLStatementHandler.printTriplesLoadLogMessage()
2014.12.24 17:12:26.367 KST INFO:     Loaded 430000 triples 0 -- ProtegeOWLParser$ProtegeOWLStatementHandler.printTriplesLoadLogMessage()
2014.12.24 17:12:26.472 KST INFO:     Loaded 440000 triples 0 -- ProtegeOWLParser$ProtegeOWLStatementHandler.printTriplesLoadLogMessage()
2014.12.24 17:12:26.578 KST INFO:     Loaded 450000 triples 0 -- ProtegeOWLParser$ProtegeOWLStatementHandler.printTriplesLoadLogMessage()
2014.12.24 17:12:26.684 KST INFO:     Loaded 460000 triples 0 -- ProtegeOWLParser$ProtegeOWLStatementHandler.printTriplesLoadLogMessage()
2014.12.24 17:12:26.893 KST INFO:     Loaded 470000 triples 0 -- ProtegeOWLParser$ProtegeOWLStatementHandler.printTriplesLoadLogMessage()
2014.12.24 17:12:26.998 KST INFO:     Loaded 480000 triples 0 -- ProtegeOWLParser$ProtegeOWLStatementHandler.printTriplesLoadLogMessage()
2014.12.24 17:12:27.103 KST INFO:     Loaded 490000 triples 0 -- ProtegeOWLParser$ProtegeOWLStatementHandler.printTriplesLoadLogMessage()
2014.12.24 17:12:27.208 KST INFO:     Loaded 500000 triples 0 -- ProtegeOWLParser$ProtegeOWLStatementHandler.printTriplesLoadLogMessage()
2014.12.24 17:12:27.313 KST INFO:     Loaded 510000 triples 0 -- ProtegeOWLParser$ProtegeOWLStatementHandler.printTriplesLoadLogMessage()
2014.12.24 17:12:27.419 KST INFO:     Loaded 520000 triples 0 -- ProtegeOWLParser$ProtegeOWLStatementHandler.printTriplesLoadLogMessage()
2014.12.24 17:12:27.527 KST INFO:     Loaded 530000 triples 0 -- ProtegeOWLParser$ProtegeOWLStatementHandler.printTriplesLoadLogMessage()
2014.12.24 17:12:27.635 KST INFO:     Loaded 540000 triples 0 -- ProtegeOWLParser$ProtegeOWLStatementHandler.printTriplesLoadLogMessage()
2014.12.24 17:12:28.965 KST INFO:     Loaded 550000 triples 0 -- ProtegeOWLParser$ProtegeOWLStatementHandler.printTriplesLoadLogMessage()
2014.12.24 17:12:29.070 KST INFO:     Loaded 560000 triples 0 -- ProtegeOWLParser$ProtegeOWLStatementHandler.printTriplesLoadLogMessage()
2014.12.24 17:12:29.176 KST INFO:     Loaded 570000 triples 0 -- ProtegeOWLParser$ProtegeOWLStatementHandler.printTriplesLoadLogMessage()
2014.12.24 17:12:29.281 KST INFO:     Loaded 580000 triples 0 -- ProtegeOWLParser$ProtegeOWLStatementHandler.printTriplesLoadLogMessage()
2014.12.24 17:12:29.387 KST INFO:     Loaded 590000 triples 0 -- ProtegeOWLParser$ProtegeOWLStatementHandler.printTriplesLoadLogMessage()
2014.12.24 17:12:29.493 KST INFO:     Loaded 600000 triples 0 -- ProtegeOWLParser$ProtegeOWLStatementHandler.printTriplesLoadLogMessage()
2014.12.24 17:12:29.599 KST INFO:     Loaded 610000 triples 0 -- ProtegeOWLParser$ProtegeOWLStatementHandler.printTriplesLoadLogMessage()
2014.12.24 17:12:29.829 KST INFO:     Loaded 620000 triples 0 -- ProtegeOWLParser$ProtegeOWLStatementHandler.printTriplesLoadLogMessage()
2014.12.24 17:12:29.935 KST INFO:     Loaded 630000 triples 0 -- ProtegeOWLParser$ProtegeOWLStatementHandler.printTriplesLoadLogMessage()
2014.12.24 17:12:30.041 KST INFO:     Loaded 640000 triples 0 -- ProtegeOWLParser$ProtegeOWLStatementHandler.printTriplesLoadLogMessage()
2014.12.24 17:12:30.147 KST INFO:     Loaded 650000 triples 0 -- ProtegeOWLParser$ProtegeOWLStatementHandler.printTriplesLoadLogMessage()
2014.12.24 17:12:30.282 KST INFO:     Loaded 660000 triples 0 -- ProtegeOWLParser$ProtegeOWLStatementHandler.printTriplesLoadLogMessage()
2014.12.24 17:12:30.396 KST INFO:     Loaded 670000 triples 0 -- ProtegeOWLParser$ProtegeOWLStatementHandler.printTriplesLoadLogMessage()
2014.12.24 17:12:30.503 KST INFO:     Loaded 680000 triples 0 -- ProtegeOWLParser$ProtegeOWLStatementHandler.printTriplesLoadLogMessage()
2014.12.24 17:12:30.733 KST INFO:     Loaded 690000 triples 0 -- ProtegeOWLParser$ProtegeOWLStatementHandler.printTriplesLoadLogMessage()
2014.12.24 17:12:30.838 KST INFO:     Loaded 700000 triples 0 -- ProtegeOWLParser$ProtegeOWLStatementHandler.printTriplesLoadLogMessage()
2014.12.24 17:12:30.945 KST INFO:     Loaded 710000 triples 0 -- ProtegeOWLParser$ProtegeOWLStatementHandler.printTriplesLoadLogMessage()
2014.12.24 17:12:31.052 KST INFO:     Loaded 720000 triples 0 -- ProtegeOWLParser$ProtegeOWLStatementHandler.printTriplesLoadLogMessage()
2014.12.24 17:12:31.156 KST INFO:     Loaded 730000 triples 0 -- ProtegeOWLParser$ProtegeOWLStatementHandler.printTriplesLoadLogMessage()
2014.12.24 17:12:31.262 KST INFO:     Loaded 740000 triples 0 -- ProtegeOWLParser$ProtegeOWLStatementHandler.printTriplesLoadLogMessage()
2014.12.24 17:12:31.368 KST INFO:     Loaded 750000 triples 0 -- ProtegeOWLParser$ProtegeOWLStatementHandler.printTriplesLoadLogMessage()
2014.12.24 17:12:31.614 KST INFO:     Loaded 760000 triples 0 -- ProtegeOWLParser$ProtegeOWLStatementHandler.printTriplesLoadLogMessage()
2014.12.24 17:12:31.745 KST INFO:     Loaded 770000 triples 0 -- ProtegeOWLParser$ProtegeOWLStatementHandler.printTriplesLoadLogMessage()
2014.12.24 17:12:31.853 KST INFO:     Loaded 780000 triples 0 -- ProtegeOWLParser$ProtegeOWLStatementHandler.printTriplesLoadLogMessage()
2014.12.24 17:12:31.959 KST INFO:     Loaded 790000 triples 0 -- ProtegeOWLParser$ProtegeOWLStatementHandler.printTriplesLoadLogMessage()
2014.12.24 17:12:32.066 KST INFO:     Loaded 800000 triples 0 -- ProtegeOWLParser$ProtegeOWLStatementHandler.printTriplesLoadLogMessage()
2014.12.24 17:12:32.171 KST INFO:     Loaded 810000 triples 0 -- ProtegeOWLParser$ProtegeOWLStatementHandler.printTriplesLoadLogMessage()
2014.12.24 17:12:32.277 KST INFO:     Loaded 820000 triples 0 -- ProtegeOWLParser$ProtegeOWLStatementHandler.printTriplesLoadLogMessage()
2014.12.24 17:12:32.549 KST INFO:     Loaded 830000 triples 0 -- ProtegeOWLParser$ProtegeOWLStatementHandler.printTriplesLoadLogMessage()
2014.12.24 17:12:32.661 KST INFO:     Loaded 840000 triples 0 -- ProtegeOWLParser$ProtegeOWLStatementHandler.printTriplesLoadLogMessage()
2014.12.24 17:12:32.766 KST INFO:     Loaded 850000 triples 0 -- ProtegeOWLParser$ProtegeOWLStatementHandler.printTriplesLoadLogMessage()
2014.12.24 17:12:32.871 KST INFO:     Loaded 860000 triples 0 -- ProtegeOWLParser$ProtegeOWLStatementHandler.printTriplesLoadLogMessage()
2014.12.24 17:12:32.977 KST INFO:     Loaded 870000 triples 0 -- ProtegeOWLParser$ProtegeOWLStatementHandler.printTriplesLoadLogMessage()
2014.12.24 17:12:33.084 KST INFO:     Loaded 880000 triples 0 -- ProtegeOWLParser$ProtegeOWLStatementHandler.printTriplesLoadLogMessage()
2014.12.24 17:12:33.375 KST INFO:     Loaded 890000 triples 0 -- ProtegeOWLParser$ProtegeOWLStatementHandler.printTriplesLoadLogMessage()
2014.12.24 17:12:33.480 KST INFO:     Loaded 900000 triples 0 -- ProtegeOWLParser$ProtegeOWLStatementHandler.printTriplesLoadLogMessage()
2014.12.24 17:12:33.586 KST INFO:     Loaded 910000 triples 0 -- ProtegeOWLParser$ProtegeOWLStatementHandler.printTriplesLoadLogMessage()
2014.12.24 17:12:33.693 KST INFO:     Loaded 920000 triples 0 -- ProtegeOWLParser$ProtegeOWLStatementHandler.printTriplesLoadLogMessage()
2014.12.24 17:12:33.801 KST INFO:     Loaded 930000 triples 0 -- ProtegeOWLParser$ProtegeOWLStatementHandler.printTriplesLoadLogMessage()
2014.12.24 17:12:33.907 KST INFO:     Loaded 940000 triples 0 -- ProtegeOWLParser$ProtegeOWLStatementHandler.printTriplesLoadLogMessage()
2014.12.24 17:12:34.160 KST INFO:     Loaded 950000 triples 0 -- ProtegeOWLParser$ProtegeOWLStatementHandler.printTriplesLoadLogMessage()
2014.12.24 17:12:34.267 KST INFO:     Loaded 960000 triples 0 -- ProtegeOWLParser$ProtegeOWLStatementHandler.printTriplesLoadLogMessage()
2014.12.24 17:12:34.374 KST INFO:     Loaded 970000 triples 0 -- ProtegeOWLParser$ProtegeOWLStatementHandler.printTriplesLoadLogMessage()
2014.12.24 17:12:34.480 KST INFO:     Loaded 980000 triples 0 -- ProtegeOWLParser$ProtegeOWLStatementHandler.printTriplesLoadLogMessage()
2014.12.24 17:12:34.487 KST INFO:     Completed triple loading after 15569 ms -- ProtegeOWLParser.loadTriples()
2014.12.24 17:12:34.491 KST INFO: Postprocess: Process entities with incorrect Java type (0 entities) ...  -- TriplePostProcessor.processFramesWithWrongJavaType()
2014.12.24 17:12:34.491 KST INFO: 0 ms
 -- TriplePostProcessor.processFramesWithWrongJavaType()
2014.12.24 17:12:34.491 KST INFO: Postprocess: Process metaclasses (3 metaclasses) ...  -- TriplePostProcessor.processMetaclasses()
2014.12.24 17:12:34.492 KST INFO: 1 ms
 -- TriplePostProcessor.processMetaclasses()
2014.12.24 17:12:34.492 KST INFO: Postprocess: Process subclasses of rdf:List (1 classes) ...  -- TriplePostProcessor.processSubclassesOfRdfList()
2014.12.24 17:12:34.492 KST INFO: 0 ms
 -- TriplePostProcessor.processSubclassesOfRdfList()
2014.12.24 17:12:34.492 KST INFO: Postprocess: Instances with multiple types (182 instances) ...  -- TriplePostProcessor.processInstancesWithMultipleTypes()
2014.12.24 17:12:34.493 KST INFO: 1 ms
 -- TriplePostProcessor.processInstancesWithMultipleTypes()
2014.12.24 17:12:34.493 KST INFO: Postprocess: Add inferred superclasses ...  -- TriplePostProcessor.processInferredSuperclasses()
2014.12.24 17:12:34.494 KST INFO: 0 ms
 -- TriplePostProcessor.processInferredSuperclasses()
2014.12.24 17:12:34.496 KST INFO: Postprocess: Process orphan classes (184 classes) ...  -- TriplePostProcessor.processOrphanClses()
2014.12.24 17:12:34.497 KST INFO: 1 ms
 -- TriplePostProcessor.processOrphanClses()
2014.12.24 17:12:34.498 KST INFO: Postprocess: Generalized Concept Inclusion (0 axioms) ...  -- TriplePostProcessor.processGeneralizedConceptInclusions()
2014.12.24 17:12:34.499 KST INFO: 1 ms
 -- TriplePostProcessor.processGeneralizedConceptInclusions()
2014.12.24 17:12:34.499 KST INFO: Postprocess: Abstract classes...  -- TriplePostProcessor.processAbstractClasses()
2014.12.24 17:12:34.499 KST INFO: 0 ms
 -- TriplePostProcessor.processAbstractClasses()
2014.12.24 17:12:34.499 KST INFO: Postprocess: Domain and range of properties...  -- TriplePostProcessor.processDomainAndRange()
2014.12.24 17:12:34.830 KST INFO: 331 ms
 -- TriplePostProcessor.processDomainAndRange()
2014.12.24 17:12:34.830 KST INFO: Postprocess: Possibly typed entities (0 resources) ...  -- TriplePostProcessor.processPossiblyTypedResources()
2014.12.24 17:12:34.831 KST INFO: 0 ms
 -- TriplePostProcessor.processPossiblyTypedResources()
2014.12.24 17:12:34.831 KST INFO: Updating underlying frames model in 0 ms -- ProtegeOWLParser.doFinalPostProcessing()
2014.12.24 17:12:35.116 KST WARNING: [OWLFrameStore] Warning: Attempted to assign duplicate value to http://ko.dbpedia.org/resource/...Baby_One_More_Time_Tour.http://ko.dbpedia.org/property/content -- DuplicateValuesFrameStore.setDirectOwnSlotValues()
2014.12.24 17:12:35.116 KST WARNING: [OWLFrameStore]  - #_ -- DuplicateValuesFrameStore.setDirectOwnSlotValues()
2014.12.24 17:12:35.117 KST WARNING: [OWLFrameStore]  - #_ -- DuplicateValuesFrameStore.setDirectOwnSlotValues()
2014.12.24 17:12:35.695 KST WARNING: [OWLFrameStore] Warning: Attempted to assign duplicate value to http://ko.dbpedia.org/resource/1896년_하계_올림픽.http://ko.dbpedia.org/property/url -- DuplicateValuesFrameStore.setDirectOwnSlotValues()
2014.12.24 17:12:35.696 KST WARNING: [OWLFrameStore]  - http://books.google.com/books?id=4F-v35--l_gC&amp;dq=Panathenaic+Stadium,+Averoff,+Constantine&amp;source=gbs_summary_s&amp;cad=0 -- DuplicateValuesFrameStore.setDirectOwnSlotValues()
2014.12.24 17:12:35.696 KST WARNING: [OWLFrameStore]  - http://books.google.com/books?id=Qb125O62NVQC&amp;dq=Stamata+Revithi&amp;source=gbs_summary_s&amp;cad=0 -- DuplicateValuesFrameStore.setDirectOwnSlotValues()
2014.12.24 17:12:35.696 KST WARNING: [OWLFrameStore]  - http://books.google.com/books?id=QmXi_-Jujj0C&amp;dq=1896+games,+cycling&amp;source=gbs_summary_s&amp;cad=0 -- DuplicateValuesFrameStore.setDirectOwnSlotValues()
2014.12.24 17:12:35.697 KST WARNING: [OWLFrameStore]  - http://books.google.com/books?id=WKRUmep515oC&amp;dq=Wenlock,+Brookes,+Coubertin&amp;source=gbs_summary_s&amp;cad=0 -- DuplicateValuesFrameStore.setDirectOwnSlotValues()
2014.12.24 17:12:35.697 KST WARNING: [OWLFrameStore]  - http://books.google.com/books?id=eJn8paCwgJYC&amp;dq=Subercaseaux,+1896,+games&amp;ei=2bRsSMrjHKHQjgGJvPDbAQ -- DuplicateValuesFrameStore.setDirectOwnSlotValues()
2014.12.24 17:12:35.697 KST WARNING: [OWLFrameStore]  - http://books.google.com/books?id=hCNtwn24iK8C&amp;dq=Zappas+Olympic+Committee&amp;source=gbs_summary_s&amp;cad=0 -- DuplicateValuesFrameStore.setDirectOwnSlotValues()
2014.12.24 17:12:35.697 KST WARNING: [OWLFrameStore]  - http://books.google.com/books?id=hftxBcXOQxsC&amp;dq=1896,+Egypt,++Kasdaglis&amp;lr=&amp;as_brr=0&amp;source=gbs_summary_s&amp;cad=0 -- DuplicateValuesFrameStore.setDirectOwnSlotValues()
2014.12.24 17:12:35.698 KST WARNING: [OWLFrameStore]  - http://books.google.com/books?id=tEbcu-sDkFEC&amp;dq=ancient+Olympics,+athletes,+Greek,+only&amp;lr=&amp;as_brr=3&amp;source=gbs_summary_s&amp;cad=0 -- DuplicateValuesFrameStore.setDirectOwnSlotValues()
2014.12.24 17:12:35.698 KST WARNING: [OWLFrameStore]  - http://books.google.com/books?id=vxxOw3FvOgwC&amp;dq=Burke,++crouch+start&amp;lr=&amp;source=gbs_summary_s&amp;cad=0 -- DuplicateValuesFrameStore.setDirectOwnSlotValues()
2014.12.24 17:12:35.698 KST WARNING: [OWLFrameStore]  - http://cdl.library.cornell.edu/cgi-bin/moa/pageviewer?frames=1&amp;cite=&amp;coll=moa&amp;view=50&amp;root=%2Fmoa%2Fcent%2Fcent0053%2F&amp;tif=00055.TIF&amp;pagenum=39 -- DuplicateValuesFrameStore.setDirectOwnSlotValues()
2014.12.24 17:12:35.699 KST WARNING: [OWLFrameStore]  - http://query.nytimes.com/mem/archive-free/pdf?_r=1&amp;res=9901EEDB1431E733A25757C0A96E9C94689ED7CF&amp;oref=slogin -- DuplicateValuesFrameStore.setDirectOwnSlotValues()
2014.12.24 17:12:35.699 KST WARNING: [OWLFrameStore]  - http://users.skynet.be/hermandw/olymp/topath96.html -- DuplicateValuesFrameStore.setDirectOwnSlotValues()
2014.12.24 17:12:35.699 KST WARNING: [OWLFrameStore]  - http://www.aafla.org/6oic/OfficialReports/1896/1896.pdf -- DuplicateValuesFrameStore.setDirectOwnSlotValues()
2014.12.24 17:12:35.699 KST WARNING: [OWLFrameStore]  - http://www.aafla.org/6oic/OfficialReports/1896/1896.pdf -- DuplicateValuesFrameStore.setDirectOwnSlotValues()
2014.12.24 17:21:35.388 KST INFO: ... saving successful to: c:\users\user\workspace2\bboxevolution\evolved.owl -- Protege2Jena.saveAll()
