2014.12.31 19:06:18.231 KST INFO: *** SYSTEM START ***
2014.12.31 19:06:18.646 KST WARNING: [Local Folder Repository] The specified file must be a directory. (C:\Users\user\workspace2\bboxevolution\bboxevolution\plugins\edu.stanford.smi.protegex.owl) -- LocalFolderRepository.update()
2014.12.31 19:06:18.656 KST SEVERE: Error at loading file file:///inputKB.owl -- Could not get input stream for file:/C:/inputKB.owl
	at edu.stanford.smi.protegex.owl.jena.parser.ProtegeOWLParser.getInputStream(Unknown Source)
	at edu.stanford.smi.protegex.owl.repository.util.XMLBaseExtractor.getXMLBase(Unknown Source)
	at edu.stanford.smi.protegex.owl.jena.parser.ProtegeOWLParser.run(Unknown Source)
	at edu.stanford.smi.protegex.owl.jena.JenaKnowledgeBaseFactory.loadKnowledgeBase(Unknown Source)
	at edu.stanford.smi.protege.model.Project.loadDomainKB(Unknown Source)
	at edu.stanford.smi.protege.model.Project.createDomainKnowledgeBase(Unknown Source)
	at edu.stanford.smi.protegex.owl.jena.creator.OwlProjectFromUriCreator.create(Unknown Source)
	at edu.stanford.smi.protegex.owl.ProtegeOWL.createJenaOWLModelFromURI(Unknown Source)
	at test.exobrain.loadExistSchema(exobrain.java:81)
	at test.exobrain.main(exobrain.java:46)
	at sun.reflect.NativeMethodAccessorImpl.invoke0(Native Method)
	at sun.reflect.NativeMethodAccessorImpl.invoke(NativeMethodAccessorImpl.java:57)
	at sun.reflect.DelegatingMethodAccessorImpl.invoke(DelegatingMethodAccessorImpl.java:43)
	at java.lang.reflect.Method.invoke(Method.java:606)
	at org.eclipse.jdt.internal.jarinjarloader.JarRsrcLoader.main(JarRsrcLoader.java:58)
Caused by: java.io.FileNotFoundException: C:\inputKB.owl (지정된 파일을 찾을 수 없습니다)
	at java.io.FileInputStream.open(Native Method)
	at java.io.FileInputStream.<init>(FileInputStream.java:138)
	at java.io.FileInputStream.<init>(FileInputStream.java:97)
	at sun.net.www.protocol.file.FileURLConnection.connect(FileURLConnection.java:90)
	at sun.net.www.protocol.file.FileURLConnection.getInputStream(FileURLConnection.java:188)
	at java.net.URL.openStream(URL.java:1037)
	at edu.stanford.smi.protegex.owl.jena.parser.ProtegeOWLParser.getInputStream(Unknown Source)
	... 14 more

2014.12.31 19:06:18.666 KST WARNING: Error found WARNING: java.io.FileNotFoundException: C:\inputKB.owl (지정된 파일을 찾을 수 없습니다) -- ProtegeOWL.handleErrors()
2014.12.31 19:06:18.666 KST WARNING: Error found WARNING: Errors at loading OWL file from file:///inputKB.owl

Please consider running the file through an RDF or OWL validation service such as:
  - RDF Validator: http://www.w3.org/RDF/Validator
  - OWL Validator: http://phoebus.cs.man.ac.uk:9999/OWL/Validator -- ProtegeOWL.handleErrors()
2014.12.31 19:06:18.766 KST WARNING: [OWLFrameStore] Warning: Attempted to assign duplicate value to http://ko.dbpedia.org/resource/...Baby_One_More_Time_Tour.http://ko.dbpedia.org/property/content -- DuplicateValuesFrameStore.setDirectOwnSlotValues()
2014.12.31 19:06:18.771 KST WARNING: [OWLFrameStore]  - #_ -- DuplicateValuesFrameStore.setDirectOwnSlotValues()
2014.12.31 19:06:18.776 KST WARNING: [OWLFrameStore]  - #_ -- DuplicateValuesFrameStore.setDirectOwnSlotValues()
2014.12.31 19:06:19.257 KST WARNING: [OWLFrameStore] Warning: Attempted to assign duplicate value to http://ko.dbpedia.org/resource/1896년_하계_올림픽.http://ko.dbpedia.org/property/url -- DuplicateValuesFrameStore.setDirectOwnSlotValues()
2014.12.31 19:06:19.262 KST WARNING: [OWLFrameStore]  - http://books.google.com/books?id=4F-v35--l_gC&amp;dq=Panathenaic+Stadium,+Averoff,+Constantine&amp;source=gbs_summary_s&amp;cad=0 -- DuplicateValuesFrameStore.setDirectOwnSlotValues()
2014.12.31 19:06:19.267 KST WARNING: [OWLFrameStore]  - http://books.google.com/books?id=Qb125O62NVQC&amp;dq=Stamata+Revithi&amp;source=gbs_summary_s&amp;cad=0 -- DuplicateValuesFrameStore.setDirectOwnSlotValues()
2014.12.31 19:06:19.277 KST WARNING: [OWLFrameStore]  - http://books.google.com/books?id=QmXi_-Jujj0C&amp;dq=1896+games,+cycling&amp;source=gbs_summary_s&amp;cad=0 -- DuplicateValuesFrameStore.setDirectOwnSlotValues()
2014.12.31 19:06:19.282 KST WARNING: [OWLFrameStore]  - http://books.google.com/books?id=WKRUmep515oC&amp;dq=Wenlock,+Brookes,+Coubertin&amp;source=gbs_summary_s&amp;cad=0 -- DuplicateValuesFrameStore.setDirectOwnSlotValues()
2014.12.31 19:06:19.287 KST WARNING: [OWLFrameStore]  - http://books.google.com/books?id=eJn8paCwgJYC&amp;dq=Subercaseaux,+1896,+games&amp;ei=2bRsSMrjHKHQjgGJvPDbAQ -- DuplicateValuesFrameStore.setDirectOwnSlotValues()
2014.12.31 19:06:19.297 KST WARNING: [OWLFrameStore]  - http://books.google.com/books?id=hCNtwn24iK8C&amp;dq=Zappas+Olympic+Committee&amp;source=gbs_summary_s&amp;cad=0 -- DuplicateValuesFrameStore.setDirectOwnSlotValues()
2014.12.31 19:06:19.302 KST WARNING: [OWLFrameStore]  - http://books.google.com/books?id=hftxBcXOQxsC&amp;dq=1896,+Egypt,++Kasdaglis&amp;lr=&amp;as_brr=0&amp;source=gbs_summary_s&amp;cad=0 -- DuplicateValuesFrameStore.setDirectOwnSlotValues()
2014.12.31 19:06:19.307 KST WARNING: [OWLFrameStore]  - http://books.google.com/books?id=tEbcu-sDkFEC&amp;dq=ancient+Olympics,+athletes,+Greek,+only&amp;lr=&amp;as_brr=3&amp;source=gbs_summary_s&amp;cad=0 -- DuplicateValuesFrameStore.setDirectOwnSlotValues()
2014.12.31 19:06:19.317 KST WARNING: [OWLFrameStore]  - http://books.google.com/books?id=vxxOw3FvOgwC&amp;dq=Burke,++crouch+start&amp;lr=&amp;source=gbs_summary_s&amp;cad=0 -- DuplicateValuesFrameStore.setDirectOwnSlotValues()
2014.12.31 19:06:19.322 KST WARNING: [OWLFrameStore]  - http://cdl.library.cornell.edu/cgi-bin/moa/pageviewer?frames=1&amp;cite=&amp;coll=moa&amp;view=50&amp;root=%2Fmoa%2Fcent%2Fcent0053%2F&amp;tif=00055.TIF&amp;pagenum=39 -- DuplicateValuesFrameStore.setDirectOwnSlotValues()
2014.12.31 19:06:19.332 KST WARNING: [OWLFrameStore]  - http://query.nytimes.com/mem/archive-free/pdf?_r=1&amp;res=9901EEDB1431E733A25757C0A96E9C94689ED7CF&amp;oref=slogin -- DuplicateValuesFrameStore.setDirectOwnSlotValues()
2014.12.31 19:06:19.337 KST WARNING: [OWLFrameStore]  - http://users.skynet.be/hermandw/olymp/topath96.html -- DuplicateValuesFrameStore.setDirectOwnSlotValues()
2014.12.31 19:06:19.342 KST WARNING: [OWLFrameStore]  - http://www.aafla.org/6oic/OfficialReports/1896/1896.pdf -- DuplicateValuesFrameStore.setDirectOwnSlotValues()
2014.12.31 19:06:19.352 KST WARNING: [OWLFrameStore]  - http://www.aafla.org/6oic/OfficialReports/1896/1896.pdf -- DuplicateValuesFrameStore.setDirectOwnSlotValues()
2014.12.31 19:06:19.998 KST SEVERE: Failed to save file file:/C:/Users/user/workspace2/bboxevolution/bboxevolution/outputKB.owl using Protege2Jena. -- java.util.NoSuchElementException
	at java.util.ArrayList$Itr.next(ArrayList.java:794)
	at edu.stanford.smi.protegex.owl.jena.protege2jena.Protege2Jena.saveAll(Unknown Source)
	at edu.stanford.smi.protegex.owl.jena.JenaOWLModel.save(Unknown Source)
	at test.exobrain.saveEvolvedSchema(exobrain.java:89)
	at test.exobrain.main(exobrain.java:49)
	at sun.reflect.NativeMethodAccessorImpl.invoke0(Native Method)
	at sun.reflect.NativeMethodAccessorImpl.invoke(NativeMethodAccessorImpl.java:57)
	at sun.reflect.DelegatingMethodAccessorImpl.invoke(DelegatingMethodAccessorImpl.java:43)
	at java.lang.reflect.Method.invoke(Method.java:606)
	at org.eclipse.jdt.internal.jarinjarloader.JarRsrcLoader.main(JarRsrcLoader.java:58)

